<?xml version="1.0" encoding="UTF-8"?>
<testng-results ignored="0" total="1" passed="1" failed="0" skipped="0">
  <reporter-output>
  </reporter-output>
  <suite started-at="2021-09-26T08:47:46 IST" name="Suite" finished-at="2021-09-26T08:47:52 IST" duration-ms="6402">
    <groups>
    </groups>
    <test started-at="2021-09-26T08:47:46 IST" name="Test" finished-at="2021-09-26T08:47:52 IST" duration-ms="6402">
      <class name="mavenforjenkins.UITest">
        <test-method signature="startBrowser()[pri:0, instance:mavenforjenkins.UITest@50caa560]" started-at="2021-09-26T08:47:46 IST" name="startBrowser" finished-at="2021-09-26T08:47:52 IST" duration-ms="6368" status="PASS">
          <reporter-output>
          </reporter-output>
        </test-method> <!-- startBrowser -->
      </class> <!-- mavenforjenkins.UITest -->
    </test> <!-- Test -->
  </suite> <!-- Suite -->
</testng-results>
